2023/11/23 15:17:00 [notice] 1#1: using the "epoll" event method
2023/11/23 15:17:00 [notice] 1#1: nginx/1.25.3
2023/11/23 15:17:00 [notice] 1#1: built by gcc 12.2.0 (Debian 12.2.0-14) 
2023/11/23 15:17:00 [notice] 1#1: OS: Linux 5.15.133.1-microsoft-standard-WSL2
2023/11/23 15:17:00 [notice] 1#1: getrlimit(RLIMIT_NOFILE): 1048576:1048576
2023/11/23 15:17:00 [notice] 1#1: start worker processes
2023/11/23 15:17:00 [notice] 1#1: start worker process 22
2023/11/23 15:17:00 [notice] 1#1: start worker process 23
2023/11/23 15:17:00 [notice] 1#1: start worker process 24
2023/11/23 15:17:00 [notice] 1#1: start worker process 25
2023/11/23 15:17:00 [notice] 1#1: start worker process 26
2023/11/23 15:17:00 [notice] 1#1: start worker process 27
2023/11/23 15:17:00 [notice] 1#1: start worker process 28
2023/11/23 15:17:00 [notice] 1#1: start worker process 29
2023/11/23 15:17:00 [notice] 1#1: start worker process 30
2023/11/23 15:17:00 [notice] 1#1: start worker process 31
2023/11/23 15:17:00 [notice] 1#1: start worker process 32
2023/11/23 15:17:00 [notice] 1#1: start worker process 33
2023/11/29 00:59:53 [notice] 1#1: using the "epoll" event method
2023/11/29 00:59:53 [notice] 1#1: nginx/1.25.3
2023/11/29 00:59:53 [notice] 1#1: built by gcc 12.2.0 (Debian 12.2.0-14) 
2023/11/29 00:59:53 [notice] 1#1: OS: Linux 5.15.133.1-microsoft-standard-WSL2
2023/11/29 00:59:53 [notice] 1#1: getrlimit(RLIMIT_NOFILE): 1048576:1048576
2023/11/29 00:59:53 [notice] 1#1: start worker processes
2023/11/29 00:59:53 [notice] 1#1: start worker process 22
2023/11/29 00:59:53 [notice] 1#1: start worker process 23
2023/11/29 00:59:53 [notice] 1#1: start worker process 24
2023/11/29 00:59:53 [notice] 1#1: start worker process 25
2023/11/29 00:59:53 [notice] 1#1: start worker process 26
2023/11/29 00:59:53 [notice] 1#1: start worker process 27
2023/11/29 00:59:53 [notice] 1#1: start worker process 28
2023/11/29 00:59:53 [notice] 1#1: start worker process 29
2023/11/29 00:59:53 [notice] 1#1: start worker process 30
2023/11/29 00:59:53 [notice] 1#1: start worker process 31
2023/11/29 00:59:53 [notice] 1#1: start worker process 32
2023/11/29 00:59:53 [notice] 1#1: start worker process 33
